<?xml version="1.0" encoding="UTF-8"?>
<coverage generated="1642244082903" clover="3.2.0">
  <project timestamp="1642244082903" name="All files">
    <metrics statements="3" coveredstatements="0" conditionals="0" coveredconditionals="0" methods="3" coveredmethods="0" elements="6" coveredelements="0" complexity="0" loc="3" ncloc="3" packages="1" files="2" classes="2">
      <file name="Home.vue" path="/Users/shishir/Documents/Github/R&D/QRMarketplace/src/components/Home.vue">
        <metrics statements="2" coveredstatements="0" conditionals="0" coveredconditionals="0" methods="2" coveredmethods="0"/>
        <line num="18" count="0" type="stmt"/>
        <line num="24" count="0" type="stmt"/>
      </file>
      <file name="ProdctDetails.vue" path="/Users/shishir/Documents/Github/R&D/QRMarketplace/src/components/ProdctDetails.vue">
        <metrics statements="1" coveredstatements="0" conditionals="0" coveredconditionals="0" methods="1" coveredmethods="0"/>
        <line num="12" count="0" type="stmt"/>
      </file>
    </metrics>
  </project>
</coverage>
