{"/Users/shishir/Documents/Github/R&D/QRMarketplace/src/components/Home.vue": {"path":"/Users/shishir/Documents/Github/R&D/QRMarketplace/src/components/Home.vue","statementMap":{"0":{"start":{"line":18,"column":0},"end":{"line":null,"column":-1}},"1":{"start":{"line":24,"column":0},"end":{"line":null,"column":-1}}},"fnMap":{"0":{"name":"data","decl":{"start":{"line":17,"column":0},"end":{"line":null,"column":-1}},"loc":{"start":{"line":17,"column":0},"end":{"line":21,"column":0}}},"1":{"name":"goToProductsPage","decl":{"start":{"line":23,"column":0},"end":{"line":null,"column":-1}},"loc":{"start":{"line":23,"column":0},"end":{"line":25,"column":0}}}},"branchMap":{},"s":{"0":0,"1":0},"f":{"0":0,"1":0},"b":{}}
,"/Users/shishir/Documents/Github/R&D/QRMarketplace/src/components/ProdctDetails.vue": {"path":"/Users/shishir/Documents/Github/R&D/QRMarketplace/src/components/ProdctDetails.vue","statementMap":{"0":{"start":{"line":12,"column":0},"end":{"line":null,"column":-1}}},"fnMap":{"0":{"name":"data","decl":{"start":{"line":11,"column":0},"end":{"line":null,"column":-1}},"loc":{"start":{"line":11,"column":0},"end":{"line":15,"column":0}}}},"branchMap":{},"s":{"0":0},"f":{"0":0},"b":{}}
}
